<?xml version="1.0" encoding="UTF-8"?>
<testng-results skipped="0" failed="0" total="2" passed="2">
  <reporter-output>
  </reporter-output>
  <suite name="Product Test Suite" duration-ms="35070" started-at="2019-06-10T14:02:25Z" finished-at="2019-06-10T14:03:00Z">
    <groups>
      <group name="cucumber">
        <method signature="TestRunner.feature(cucumber.api.testng.CucumberFeatureWrapper)[pri:0, instance:TestRunner@3c0ecd4b]" name="feature" class="TestRunner"/>
      </group> <!-- cucumber -->
    </groups>
    <test name="Product Acceptance Tests" duration-ms="35070" started-at="2019-06-10T14:02:25Z" finished-at="2019-06-10T14:03:00Z">
      <class name="TestRunner">
        <test-method status="PASS" signature="setupClass()[pri:0, instance:TestRunner@3c0ecd4b]" name="setupClass" is-config="true" duration-ms="108" started-at="2019-06-10T10:02:25Z" finished-at="2019-06-10T10:02:25Z">
          <reporter-output>
          </reporter-output>
        </test-method> <!-- setupClass -->
        <test-method status="PASS" signature="feature(cucumber.api.testng.CucumberFeatureWrapper)[pri:0, instance:TestRunner@3c0ecd4b]" name="feature" duration-ms="25003" started-at="2019-06-10T10:02:25Z" description="Runs Cucumber Feature" data-provider="features" finished-at="2019-06-10T10:02:50Z">
          <params>
            <param index="0">
              <value>
                <![CDATA[BaseScnarios]]>
              </value>
            </param>
          </params>
          <reporter-output>
          </reporter-output>
        </test-method> <!-- feature -->
        <test-method status="PASS" signature="feature(cucumber.api.testng.CucumberFeatureWrapper)[pri:0, instance:TestRunner@3c0ecd4b]" name="feature" duration-ms="9911" started-at="2019-06-10T10:02:50Z" description="Runs Cucumber Feature" data-provider="features" finished-at="2019-06-10T10:03:00Z">
          <params>
            <param index="0">
              <value>
                <![CDATA[Search Scenarios]]>
              </value>
            </param>
          </params>
          <reporter-output>
          </reporter-output>
        </test-method> <!-- feature -->
      </class> <!-- TestRunner -->
    </test> <!-- Product Acceptance Tests -->
  </suite> <!-- Product Test Suite -->
</testng-results>
